MobileShoppingAssistant-sample/MobileAssistantAndroidAppEngine/android/build/outputs/logs/manifest-merger-debug-report.txt
-- Merging decision tree log ---
manifest
ADDED from src/main/AndroidManifest.xml:16:1-70:12
	xmlns:android
		ADDED from src/main/AndroidManifest.xml:16:11-69
	package
		ADDED from src/main/AndroidManifest.xml:17:5-48
		INJECTED from src/main/AndroidManifest.xml
		INJECTED from src/main/AndroidManifest.xml
	android:versionName
		INJECTED from src/main/AndroidManifest.xml
		INJECTED from src/main/AndroidManifest.xml
	android:versionCode
		INJECTED from src/main/AndroidManifest.xml
		INJECTED from src/main/AndroidManifest.xml
uses-permission#android.permission.INTERNET
ADDED from src/main/AndroidManifest.xml:19:5-67
	android:name
		ADDED from src/main/AndroidManifest.xml:19:22-64
uses-permission#android.permission.GET_ACCOUNTS
ADDED from src/main/AndroidManifest.xml:20:5-71
	android:name
		ADDED from src/main/AndroidManifest.xml:20:22-68
uses-permission#android.permission.USE_CREDENTIALS
ADDED from src/main/AndroidManifest.xml:21:5-74
	android:name
		ADDED from src/main/AndroidManifest.xml:21:22-71
uses-permission#android.permission.WAKE_LOCK
ADDED from src/main/AndroidManifest.xml:22:5-68
	android:name
		ADDED from src/main/AndroidManifest.xml:22:22-65
uses-permission#com.google.android.c2dm.permission.RECEIVE
ADDED from src/main/AndroidManifest.xml:23:5-82
	android:name
		ADDED from src/main/AndroidManifest.xml:23:22-79
uses-permission#android.permission.ACCESS_COARSE_LOCATION
ADDED from src/main/AndroidManifest.xml:24:5-81
	android:name
		ADDED from src/main/AndroidManifest.xml:24:22-78
uses-permission#android.permission.ACCESS_FINE_LOCATION
ADDED from src/main/AndroidManifest.xml:25:5-79
	android:name
		ADDED from src/main/AndroidManifest.xml:25:22-76
permission#com.google.sample.mobileassistant.permission.C2D_MESSAGE
ADDED from src/main/AndroidManifest.xml:27:5-29:47
	android:protectionLevel
		ADDED from src/main/AndroidManifest.xml:29:9-44
	android:name
		ADDED from src/main/AndroidManifest.xml:28:9-80
uses-permission#com.google.sample.mobileassistant.permission.C2D_MESSAGE
ADDED from src/main/AndroidManifest.xml:31:5-96
	android:name
		ADDED from src/main/AndroidManifest.xml:31:22-93
application
ADDED from src/main/AndroidManifest.xml:33:5-68:19
MERGED from [com.android.support:appcompat-v7:21.0.3] AndroidManifest.xml:16:5-19
MERGED from [com.android.support:support-v4:21.0.3] AndroidManifest.xml:16:5-19
MERGED from [com.google.android.gms:play-services:6.5.87] AndroidManifest.xml:20:5-24:19
MERGED from [com.android.support:support-v4:21.0.3] AndroidManifest.xml:16:5-19
	android:label
		ADDED from src/main/AndroidManifest.xml:36:9-41
	android:allowBackup
		ADDED from src/main/AndroidManifest.xml:34:9-35
	android:icon
		ADDED from src/main/AndroidManifest.xml:35:9-45
	android:theme
		ADDED from src/main/AndroidManifest.xml:37:9-40
meta-data#com.google.android.gms.version
ADDED from src/main/AndroidManifest.xml:38:9-40:69
MERGED from [com.google.android.gms:play-services:6.5.87] AndroidManifest.xml:21:9-23:69
	android:name
		ADDED from src/main/AndroidManifest.xml:39:13-58
	android:value
		ADDED from src/main/AndroidManifest.xml:40:13-66
activity#com.google.sample.mobileassistant.SignInActivity
ADDED from src/main/AndroidManifest.xml:42:9-45:20
	android:label
		ADDED from src/main/AndroidManifest.xml:44:13-45
	android:name
		ADDED from src/main/AndroidManifest.xml:43:13-43
activity#com.google.sample.mobileassistant.MainActivity
ADDED from src/main/AndroidManifest.xml:46:9-50
	android:name
		ADDED from src/main/AndroidManifest.xml:46:19-47
activity#com.google.sample.mobileassistant.PlaceDetailsActivity
ADDED from src/main/AndroidManifest.xml:47:9-58
	android:name
		ADDED from src/main/AndroidManifest.xml:47:19-55
receiver#com.google.sample.mobileassistant.GcmBroadcastReceiver
ADDED from src/main/AndroidManifest.xml:49:9-57:20
	android:permission
		ADDED from src/main/AndroidManifest.xml:51:13-73
	android:name
		ADDED from src/main/AndroidManifest.xml:50:13-49
intent-filter#com.google.android.c2dm.intent.RECEIVE+com.google.sample.mobileassistant
ADDED from src/main/AndroidManifest.xml:52:13-56:29
action#com.google.android.c2dm.intent.RECEIVE
ADDED from src/main/AndroidManifest.xml:53:17-81
	android:name
		ADDED from src/main/AndroidManifest.xml:53:25-78
category#com.google.sample.mobileassistant
ADDED from src/main/AndroidManifest.xml:55:17-78
	android:name
		ADDED from src/main/AndroidManifest.xml:55:27-75
service#com.google.sample.mobileassistant.GcmIntentService
ADDED from src/main/AndroidManifest.xml:59:9-53
	android:name
		ADDED from src/main/AndroidManifest.xml:59:18-50
activity#com.google.sample.mobileassistant.LogoActivity
ADDED from src/main/AndroidManifest.xml:61:9-67:20
	android:name
		ADDED from src/main/AndroidManifest.xml:61:19-47
intent-filter#android.intent.action.MAIN+android.intent.category.LAUNCHER
ADDED from src/main/AndroidManifest.xml:62:13-66:29
action#android.intent.action.MAIN
ADDED from src/main/AndroidManifest.xml:63:17-69
	android:name
		ADDED from src/main/AndroidManifest.xml:63:25-66
category#android.intent.category.LAUNCHER
ADDED from src/main/AndroidManifest.xml:65:17-77
	android:name
		ADDED from src/main/AndroidManifest.xml:65:27-74
uses-sdk
INJECTED from src/main/AndroidManifest.xml reason: use-sdk injection requested
MERGED from [com.android.support:appcompat-v7:21.0.3] AndroidManifest.xml:15:5-42
MERGED from [com.android.support:support-v4:21.0.3] AndroidManifest.xml:15:5-42
MERGED from [com.google.android.gms:play-services:6.5.87] AndroidManifest.xml:18:5-42
MERGED from [com.android.support:support-v4:21.0.3] AndroidManifest.xml:15:5-42
	android:targetSdkVersion
		INJECTED from src/main/AndroidManifest.xml
		INJECTED from src/main/AndroidManifest.xml
	android:minSdkVersion
		INJECTED from src/main/AndroidManifest.xml
		INJECTED from src/main/AndroidManifest.xml